#
# There is insufficient memory for the Java Runtime Environment to continue.
# Native memory allocation (malloc) failed to allocate 523616 bytes for Chunk::new
# Possible reasons:
#   The system is out of physical RAM or swap space
#   The process is running with CompressedOops enabled, and the Java Heap may be blocking the growth of the native heap
# Possible solutions:
#   Reduce memory load on the system
#   Increase physical memory or swap space
#   Check if swap backing store is full
#   Decrease Java heap size (-Xmx/-Xms)
#   Decrease number of Java threads
#   Decrease Java thread stack sizes (-Xss)
#   Set larger code cache with -XX:ReservedCodeCacheSize=
#   JVM is running with Unscaled Compressed Oops mode in which the Java heap is
#     placed in the first 4GB address space. The Java Heap base address is the
#     maximum limit for the native heap growth. Please use -XX:HeapBaseMinAddress
#     to set the Java Heap base and to place the Java Heap above 4GB virtual address.
# This output file may be truncated or incomplete.
#
#  Out of Memory Error (arena.cpp:195), pid=5784, tid=14144
#
# JRE version: OpenJDK Runtime Environment (16.0.1+9) (build 16.0.1+9-24)
# Java VM: OpenJDK 64-Bit Server VM (16.0.1+9-24, mixed mode, sharing, tiered, compressed oops, compressed class ptrs, g1 gc, windows-amd64)
# No core dump will be written. Minidumps are not enabled by default on client versions of Windows
#

---------------  S U M M A R Y ------------

Command Line: -Dmaven.multiModuleProjectDirectory=C:\Users\Adam Danial\Documents\plugins\Noctora -Dmaven.home=C:\IntelliJ\plugins\maven\lib\maven3 -Dclassworlds.conf=C:\IntelliJ\plugins\maven\lib\maven3\bin\m2.conf -Dmaven.ext.class.path=C:\IntelliJ\plugins\maven\lib\maven-event-listener.jar -javaagent:C:\IntelliJ\lib\idea_rt.jar=55102:C:\IntelliJ\bin -Dfile.encoding=UTF-8 org.codehaus.classworlds.Launcher -Didea.version=2021.2.3 clean package

Host: AMD Ryzen 5 4500U with Radeon Graphics         , 6 cores, 7G,  Windows 10 , 64 bit Build 19041 (10.0.19041.1466)
Time: Thu Jan 27 19:26:52 2022 Malay Peninsula Standard Time elapsed time: 1.201757 seconds (0d 0h 0m 1s)

---------------  T H R E A D  ---------------

Current thread (0x0000014f666c1860):  JavaThread "C2 CompilerThread0" daemon [_thread_in_native, id=14144, stack(0x0000003266400000,0x0000003266500000)]


Current CompileTask:
C2:   1201 1085   !   4       sun.nio.cs.StreamDecoder::read (196 bytes)

Stack: [0x0000003266400000,0x0000003266500000]
Native frames: (J=compiled Java code, j=interpreted, Vv=VM code, C=native code)
V  [jvm.dll+0x6687ca]
V  [jvm.dll+0x7ca3c9]
V  [jvm.dll+0x7cbb53]
V  [jvm.dll+0x7cc1b3]
V  [jvm.dll+0x242ea5]
V  [jvm.dll+0xadeca]
V  [jvm.dll+0xae5ac]
V  [jvm.dll+0x35af27]
V  [jvm.dll+0x1b9f31]
V  [jvm.dll+0x216066]
V  [jvm.dll+0x215350]
V  [jvm.dll+0x1a1d9b]
V  [jvm.dll+0x2253a8]
V  [jvm.dll+0x2233ec]
V  [jvm.dll+0x780002]
V  [jvm.dll+0x779b4a]
V  [jvm.dll+0x667666]
C  [ucrtbase.dll+0x21bb2]
C  [KERNEL32.DLL+0x17034]
C  [ntdll.dll+0x52651]


---------------  P R O C E S S  ---------------

Threads class SMR info:
_java_thread_list=0x0000014f67d0b220, length=14, elements={
0x0000014f4907dca0, 0x0000014f666a1f90, 0x0000014f666a2b60, 0x0000014f666b0d60,
0x0000014f666b1670, 0x0000014f666b2720, 0x0000014f666b6050, 0x0000014f666c1860,
0x0000014f666b8ff0, 0x0000014f666c81e0, 0x0000014f666b65a0, 0x0000014f666b3080,
0x0000014f666b55b0, 0x0000014f67d72e40
}

Java Threads: ( => current thread )
  0x0000014f4907dca0 JavaThread "main" [_thread_in_vm, id=20348, stack(0x0000003265700000,0x0000003265800000)]
  0x0000014f666a1f90 JavaThread "Reference Handler" daemon [_thread_blocked, id=428, stack(0x0000003265e00000,0x0000003265f00000)]
  0x0000014f666a2b60 JavaThread "Finalizer" daemon [_thread_blocked, id=12312, stack(0x0000003265f00000,0x0000003266000000)]
  0x0000014f666b0d60 JavaThread "Signal Dispatcher" daemon [_thread_blocked, id=7644, stack(0x0000003266000000,0x0000003266100000)]
  0x0000014f666b1670 JavaThread "Attach Listener" daemon [_thread_blocked, id=7448, stack(0x0000003266100000,0x0000003266200000)]
  0x0000014f666b2720 JavaThread "Service Thread" daemon [_thread_blocked, id=3660, stack(0x0000003266200000,0x0000003266300000)]
  0x0000014f666b6050 JavaThread "Monitor Deflation Thread" daemon [_thread_blocked, id=18500, stack(0x0000003266300000,0x0000003266400000)]
=>0x0000014f666c1860 JavaThread "C2 CompilerThread0" daemon [_thread_in_native, id=14144, stack(0x0000003266400000,0x0000003266500000)]
  0x0000014f666b8ff0 JavaThread "C1 CompilerThread0" daemon [_thread_in_native, id=2520, stack(0x0000003266500000,0x0000003266600000)]
  0x0000014f666c81e0 JavaThread "Sweeper thread" daemon [_thread_blocked, id=13432, stack(0x0000003266600000,0x0000003266700000)]
  0x0000014f666b65a0 JavaThread "Common-Cleaner" daemon [_thread_blocked, id=9628, stack(0x0000003266700000,0x0000003266800000)]
  0x0000014f666b3080 JavaThread "Monitor Ctrl-Break" daemon [_thread_in_native, id=20004, stack(0x0000003266800000,0x0000003266900000)]
  0x0000014f666b55b0 JavaThread "Notification Thread" daemon [_thread_blocked, id=7460, stack(0x0000003266900000,0x0000003266a00000)]
  0x0000014f67d72e40 JavaThread "C2 CompilerThread1" daemon [_thread_in_native, id=7340, stack(0x0000003266b00000,0x0000003266c00000)]

Other Threads:
  0x0000014f4915e6e0 VMThread "VM Thread" [stack: 0x0000003265d00000,0x0000003265e00000] [id=14932]
  0x0000014f6725da80 WatcherThread [stack: 0x0000003266a00000,0x0000003266b00000] [id=13436]
  0x0000014f490bb410 GCTaskThread "GC Thread#0" [stack: 0x0000003265800000,0x0000003265900000] [id=7416]
  0x0000014f67e8f540 GCTaskThread "GC Thread#1" [stack: 0x0000003266c00000,0x0000003266d00000] [id=3960]
  0x0000014f67d3d100 GCTaskThread "GC Thread#2" [stack: 0x0000003266d00000,0x0000003266e00000] [id=8164]
  0x0000014f67d15a70 GCTaskThread "GC Thread#3" [stack: 0x0000003266e00000,0x0000003266f00000] [id=16620]
  0x0000014f67b3d920 GCTaskThread "GC Thread#4" [stack: 0x0000003266f00000,0x0000003267000000] [id=5524]
  0x0000014f67b3dc30 GCTaskThread "GC Thread#5" [stack: 0x0000003267000000,0x0000003267100000] [id=3556]
  0x0000014f490cbf70 ConcurrentGCThread "G1 Main Marker" [stack: 0x0000003265900000,0x0000003265a00000] [id=19356]
  0x0000014f490cd900 ConcurrentGCThread "G1 Conc#0" [stack: 0x0000003265a00000,0x0000003265b00000] [id=20136]
  0x0000014f4913db10 ConcurrentGCThread "G1 Refine#0" [stack: 0x0000003265b00000,0x0000003265c00000] [id=17856]
  0x0000014f4913e4a0 ConcurrentGCThread "G1 Service" [stack: 0x0000003265c00000,0x0000003265d00000] [id=9324]

Threads with active compile tasks:
C2 CompilerThread0     1236 1085   !   4       sun.nio.cs.StreamDecoder::read (196 bytes)
C1 CompilerThread0     1236 1112       3       java.io.Reader::read (21 bytes)
C2 CompilerThread1     1236 1097       4       org.codehaus.plexus.util.xml.pull.MXParser::nextImpl (1202 bytes)

VM state: not at safepoint (normal execution)

VM Mutex/Monitor currently owned by a thread: None

Heap address: 0x000000008a000000, size: 1888 MB, Compressed Oops mode: 32-bit

CDS archive(s) mapped at: [0x0000000800000000-0x0000000800bb0000-0x0000000800bb0000), size 12255232, SharedBaseAddress: 0x0000000800000000, ArchiveRelocationMode: 0.
Compressed class space mapped at: 0x0000000800c00000-0x0000000840c00000, reserved size: 1073741824
Narrow klass base: 0x0000000800000000, Narrow klass shift: 3, Narrow klass range: 0x100000000

GC Precious Log:
 CPUs: 6 total, 6 available
 Memory: 7549M
 Large Page Support: Disabled
 NUMA Support: Disabled
 Compressed Oops: Enabled (32-bit)
 Heap Region Size: 1M
 Heap Min Capacity: 8M
 Heap Initial Capacity: 118M
 Heap Max Capacity: 1888M
 Pre-touch: Disabled
 Parallel Workers: 6
 Concurrent Workers: 2
 Concurrent Refinement Workers: 6
 Periodic GC: Disabled

Heap:
 garbage-first heap   total 120832K, used 8938K [0x000000008a000000, 0x0000000100000000)
  region size 1024K, 9 young (9216K), 3 survivors (3072K)
 Metaspace       used 5889K, committed 6016K, reserved 1056768K
  class space    used 665K, committed 704K, reserved 1048576K

Heap Regions: E=young(eden), S=young(survivor), O=old, HS=humongous(starts), HC=humongous(continues), CS=collection set, F=free, OA=open archive, CA=closed archive, TAMS=top-at-mark-start (previous, next)
|   0|0x000000008a000000, 0x000000008a0baa00, 0x000000008a100000| 72%| O|  |TAMS 0x000000008a000000, 0x000000008a000000| Untracked 
|   1|0x000000008a100000, 0x000000008a100000, 0x000000008a200000|  0%| F|  |TAMS 0x000000008a100000, 0x000000008a100000| Untracked 
|   2|0x000000008a200000, 0x000000008a200000, 0x000000008a300000|  0%| F|  |TAMS 0x000000008a200000, 0x000000008a200000| Untracked 
|   3|0x000000008a300000, 0x000000008a300000, 0x000000008a400000|  0%| F|  |TAMS 0x000000008a300000, 0x000000008a300000| Untracked 
|   4|0x000000008a400000, 0x000000008a400000, 0x000000008a500000|  0%| F|  |TAMS 0x000000008a400000, 0x000000008a400000| Untracked 
|   5|0x000000008a500000, 0x000000008a500000, 0x000000008a600000|  0%| F|  |TAMS 0x000000008a500000, 0x000000008a500000| Untracked 
|   6|0x000000008a600000, 0x000000008a600000, 0x000000008a700000|  0%| F|  |TAMS 0x000000008a600000, 0x000000008a600000| Untracked 
|   7|0x000000008a700000, 0x000000008a700000, 0x000000008a800000|  0%| F|  |TAMS 0x000000008a700000, 0x000000008a700000| Untracked 
|   8|0x000000008a800000, 0x000000008a800000, 0x000000008a900000|  0%| F|  |TAMS 0x000000008a800000, 0x000000008a800000| Untracked 
|   9|0x000000008a900000, 0x000000008a900000, 0x000000008aa00000|  0%| F|  |TAMS 0x000000008a900000, 0x000000008a900000| Untracked 
|  10|0x000000008aa00000, 0x000000008aa00000, 0x000000008ab00000|  0%| F|  |TAMS 0x000000008aa00000, 0x000000008aa00000| Untracked 
|  11|0x000000008ab00000, 0x000000008ab00000, 0x000000008ac00000|  0%| F|  |TAMS 0x000000008ab00000, 0x000000008ab00000| Untracked 
|  12|0x000000008ac00000, 0x000000008ac00000, 0x000000008ad00000|  0%| F|  |TAMS 0x000000008ac00000, 0x000000008ac00000| Untracked 
|  13|0x000000008ad00000, 0x000000008ad00000, 0x000000008ae00000|  0%| F|  |TAMS 0x000000008ad00000, 0x000000008ad00000| Untracked 
|  14|0x000000008ae00000, 0x000000008ae00000, 0x000000008af00000|  0%| F|  |TAMS 0x000000008ae00000, 0x000000008ae00000| Untracked 
|  15|0x000000008af00000, 0x000000008af00000, 0x000000008b000000|  0%| F|  |TAMS 0x000000008af00000, 0x000000008af00000| Untracked 
|  16|0x000000008b000000, 0x000000008b000000, 0x000000008b100000|  0%| F|  |TAMS 0x000000008b000000, 0x000000008b000000| Untracked 
|  17|0x000000008b100000, 0x000000008b100000, 0x000000008b200000|  0%| F|  |TAMS 0x000000008b100000, 0x000000008b100000| Untracked 
|  18|0x000000008b200000, 0x000000008b200000, 0x000000008b300000|  0%| F|  |TAMS 0x000000008b200000, 0x000000008b200000| Untracked 
|  19|0x000000008b300000, 0x000000008b300000, 0x000000008b400000|  0%| F|  |TAMS 0x000000008b300000, 0x000000008b300000| Untracked 
|  20|0x000000008b400000, 0x000000008b400000, 0x000000008b500000|  0%| F|  |TAMS 0x000000008b400000, 0x000000008b400000| Untracked 
|  21|0x000000008b500000, 0x000000008b500000, 0x000000008b600000|  0%| F|  |TAMS 0x000000008b500000, 0x000000008b500000| Untracked 
|  22|0x000000008b600000, 0x000000008b600000, 0x000000008b700000|  0%| F|  |TAMS 0x000000008b600000, 0x000000008b600000| Untracked 
|  23|0x000000008b700000, 0x000000008b700000, 0x000000008b800000|  0%| F|  |TAMS 0x000000008b700000, 0x000000008b700000| Untracked 
|  24|0x000000008b800000, 0x000000008b800000, 0x000000008b900000|  0%| F|  |TAMS 0x000000008b800000, 0x000000008b800000| Untracked 
|  25|0x000000008b900000, 0x000000008b900000, 0x000000008ba00000|  0%| F|  |TAMS 0x000000008b900000, 0x000000008b900000| Untracked 
|  26|0x000000008ba00000, 0x000000008ba00000, 0x000000008bb00000|  0%| F|  |TAMS 0x000000008ba00000, 0x000000008ba00000| Untracked 
|  27|0x000000008bb00000, 0x000000008bb00000, 0x000000008bc00000|  0%| F|  |TAMS 0x000000008bb00000, 0x000000008bb00000| Untracked 
|  28|0x000000008bc00000, 0x000000008bc00000, 0x000000008bd00000|  0%| F|  |TAMS 0x000000008bc00000, 0x000000008bc00000| Untracked 
|  29|0x000000008bd00000, 0x000000008bd00000, 0x000000008be00000|  0%| F|  |TAMS 0x000000008bd00000, 0x000000008bd00000| Untracked 
|  30|0x000000008be00000, 0x000000008be00000, 0x000000008bf00000|  0%| F|  |TAMS 0x000000008be00000, 0x000000008be00000| Untracked 
|  31|0x000000008bf00000, 0x000000008bf00000, 0x000000008c000000|  0%| F|  |TAMS 0x000000008bf00000, 0x000000008bf00000| Untracked 
|  32|0x000000008c000000, 0x000000008c000000, 0x000000008c100000|  0%| F|  |TAMS 0x000000008c000000, 0x000000008c000000| Untracked 
|  33|0x000000008c100000, 0x000000008c100000, 0x000000008c200000|  0%| F|  |TAMS 0x000000008c100000, 0x000000008c100000| Untracked 
|  34|0x000000008c200000, 0x000000008c200000, 0x000000008c300000|  0%| F|  |TAMS 0x000000008c200000, 0x000000008c200000| Untracked 
|  35|0x000000008c300000, 0x000000008c300000, 0x000000008c400000|  0%| F|  |TAMS 0x000000008c300000, 0x000000008c300000| Untracked 
|  36|0x000000008c400000, 0x000000008c400000, 0x000000008c500000|  0%| F|  |TAMS 0x000000008c400000, 0x000000008c400000| Untracked 
|  37|0x000000008c500000, 0x000000008c500000, 0x000000008c600000|  0%| F|  |TAMS 0x000000008c500000, 0x000000008c500000| Untracked 
|  38|0x000000008c600000, 0x000000008c600000, 0x000000008c700000|  0%| F|  |TAMS 0x000000008c600000, 0x000000008c600000| Untracked 
|  39|0x000000008c700000, 0x000000008c700000, 0x000000008c800000|  0%| F|  |TAMS 0x000000008c700000, 0x000000008c700000| Untracked 
|  40|0x000000008c800000, 0x000000008c800000, 0x000000008c900000|  0%| F|  |TAMS 0x000000008c800000, 0x000000008c800000| Untracked 
|  41|0x000000008c900000, 0x000000008c900000, 0x000000008ca00000|  0%| F|  |TAMS 0x000000008c900000, 0x000000008c900000| Untracked 
|  42|0x000000008ca00000, 0x000000008ca00000, 0x000000008cb00000|  0%| F|  |TAMS 0x000000008ca00000, 0x000000008ca00000| Untracked 
|  43|0x000000008cb00000, 0x000000008cb00000, 0x000000008cc00000|  0%| F|  |TAMS 0x000000008cb00000, 0x000000008cb00000| Untracked 
|  44|0x000000008cc00000, 0x000000008cc00000, 0x000000008cd00000|  0%| F|  |TAMS 0x000000008cc00000, 0x000000008cc00000| Untracked 
|  45|0x000000008cd00000, 0x000000008cd00000, 0x000000008ce00000|  0%| F|  |TAMS 0x000000008cd00000, 0x000000008cd00000| Untracked 
|  46|0x000000008ce00000, 0x000000008ce00000, 0x000000008cf00000|  0%| F|  |TAMS 0x000000008ce00000, 0x000000008ce00000| Untracked 
|  47|0x000000008cf00000, 0x000000008cf00000, 0x000000008d000000|  0%| F|  |TAMS 0x000000008cf00000, 0x000000008cf00000| Untracked 
|  48|0x000000008d000000, 0x000000008d000000, 0x000000008d100000|  0%| F|  |TAMS 0x000000008d000000, 0x000000008d000000| Untracked 
|  49|0x000000008d100000, 0x000000008d100000, 0x000000008d200000|  0%| F|  |TAMS 0x000000008d100000, 0x000000008d100000| Untracked 
|  50|0x000000008d200000, 0x000000008d200000, 0x000000008d300000|  0%| F|  |TAMS 0x000000008d200000, 0x000000008d200000| Untracked 
|  51|0x000000008d300000, 0x000000008d300000, 0x000000008d400000|  0%| F|  |TAMS 0x000000008d300000, 0x000000008d300000| Untracked 
|  52|0x000000008d400000, 0x000000008d400000, 0x000000008d500000|  0%| F|  |TAMS 0x000000008d400000, 0x000000008d400000| Untracked 
|  53|0x000000008d500000, 0x000000008d500000, 0x000000008d600000|  0%| F|  |TAMS 0x000000008d500000, 0x000000008d500000| Untracked 
|  54|0x000000008d600000, 0x000000008d600000, 0x000000008d700000|  0%| F|  |TAMS 0x000000008d600000, 0x000000008d600000| Untracked 
|  55|0x000000008d700000, 0x000000008d700000, 0x000000008d800000|  0%| F|  |TAMS 0x000000008d700000, 0x000000008d700000| Untracked 
|  56|0x000000008d800000, 0x000000008d800000, 0x000000008d900000|  0%| F|  |TAMS 0x000000008d800000, 0x000000008d800000| Untracked 
|  57|0x000000008d900000, 0x000000008d900000, 0x000000008da00000|  0%| F|  |TAMS 0x000000008d900000, 0x000000008d900000| Untracked 
|  58|0x000000008da00000, 0x000000008da00000, 0x000000008db00000|  0%| F|  |TAMS 0x000000008da00000, 0x000000008da00000| Untracked 
|  59|0x000000008db00000, 0x000000008db00000, 0x000000008dc00000|  0%| F|  |TAMS 0x000000008db00000, 0x000000008db00000| Untracked 
|  60|0x000000008dc00000, 0x000000008dc00000, 0x000000008dd00000|  0%| F|  |TAMS 0x000000008dc00000, 0x000000008dc00000| Untracked 
|  61|0x000000008dd00000, 0x000000008dd00000, 0x000000008de00000|  0%| F|  |TAMS 0x000000008dd00000, 0x000000008dd00000| Untracked 
|  62|0x000000008de00000, 0x000000008de00000, 0x000000008df00000|  0%| F|  |TAMS 0x000000008de00000, 0x000000008de00000| Untracked 
|  63|0x000000008df00000, 0x000000008df00000, 0x000000008e000000|  0%| F|  |TAMS 0x000000008df00000, 0x000000008df00000| Untracked 
|  64|0x000000008e000000, 0x000000008e000000, 0x000000008e100000|  0%| F|  |TAMS 0x000000008e000000, 0x000000008e000000| Untracked 
|  65|0x000000008e100000, 0x000000008e100000, 0x000000008e200000|  0%| F|  |TAMS 0x000000008e100000, 0x000000008e100000| Untracked 
|  66|0x000000008e200000, 0x000000008e200000, 0x000000008e300000|  0%| F|  |TAMS 0x000000008e200000, 0x000000008e200000| Untracked 
|  67|0x000000008e300000, 0x000000008e300000, 0x000000008e400000|  0%| F|  |TAMS 0x000000008e300000, 0x000000008e300000| Untracked 
|  68|0x000000008e400000, 0x000000008e400000, 0x000000008e500000|  0%| F|  |TAMS 0x000000008e400000, 0x000000008e400000| Untracked 
|  69|0x000000008e500000, 0x000000008e500000, 0x000000008e600000|  0%| F|  |TAMS 0x000000008e500000, 0x000000008e500000| Untracked 
|  70|0x000000008e600000, 0x000000008e600000, 0x000000008e700000|  0%| F|  |TAMS 0x000000008e600000, 0x000000008e600000| Untracked 
|  71|0x000000008e700000, 0x000000008e700000, 0x000000008e800000|  0%| F|  |TAMS 0x000000008e700000, 0x000000008e700000| Untracked 
|  72|0x000000008e800000, 0x000000008e800000, 0x000000008e900000|  0%| F|  |TAMS 0x000000008e800000, 0x000000008e800000| Untracked 
|  73|0x000000008e900000, 0x000000008e900000, 0x000000008ea00000|  0%| F|  |TAMS 0x000000008e900000, 0x000000008e900000| Untracked 
|  74|0x000000008ea00000, 0x000000008ea00000, 0x000000008eb00000|  0%| F|  |TAMS 0x000000008ea00000, 0x000000008ea00000| Untracked 
|  75|0x000000008eb00000, 0x000000008eb00000, 0x000000008ec00000|  0%| F|  |TAMS 0x000000008eb00000, 0x000000008eb00000| Untracked 
|  76|0x000000008ec00000, 0x000000008ec00000, 0x000000008ed00000|  0%| F|  |TAMS 0x000000008ec00000, 0x000000008ec00000| Untracked 
|  77|0x000000008ed00000, 0x000000008ed00000, 0x000000008ee00000|  0%| F|  |TAMS 0x000000008ed00000, 0x000000008ed00000| Untracked 
|  78|0x000000008ee00000, 0x000000008ee00000, 0x000000008ef00000|  0%| F|  |TAMS 0x000000008ee00000, 0x000000008ee00000| Untracked 
|  79|0x000000008ef00000, 0x000000008ef00000, 0x000000008f000000|  0%| F|  |TAMS 0x000000008ef00000, 0x000000008ef00000| Untracked 
|  80|0x000000008f000000, 0x000000008f000000, 0x000000008f100000|  0%| F|  |TAMS 0x000000008f000000, 0x000000008f000000| Untracked 
|  81|0x000000008f100000, 0x000000008f100000, 0x000000008f200000|  0%| F|  |TAMS 0x000000008f100000, 0x000000008f100000| Untracked 
|  82|0x000000008f200000, 0x000000008f200000, 0x000000008f300000|  0%| F|  |TAMS 0x000000008f200000, 0x000000008f200000| Untracked 
|  83|0x000000008f300000, 0x000000008f300000, 0x000000008f400000|  0%| F|  |TAMS 0x000000008f300000, 0x000000008f300000| Untracked 
|  84|0x000000008f400000, 0x000000008f400000, 0x000000008f500000|  0%| F|  |TAMS 0x000000008f400000, 0x000000008f400000| Untracked 
|  85|0x000000008f500000, 0x000000008f500000, 0x000000008f600000|  0%| F|  |TAMS 0x000000008f500000, 0x000000008f500000| Untracked 
|  86|0x000000008f600000, 0x000000008f600000, 0x000000008f700000|  0%| F|  |TAMS 0x000000008f600000, 0x000000008f600000| Untracked 
|  87|0x000000008f700000, 0x000000008f700000, 0x000000008f800000|  0%| F|  |TAMS 0x000000008f700000, 0x000000008f700000| Untracked 
|  88|0x000000008f800000, 0x000000008f800000, 0x000000008f900000|  0%| F|  |TAMS 0x000000008f800000, 0x000000008f800000| Untracked 
|  89|0x000000008f900000, 0x000000008f900000, 0x000000008fa00000|  0%| F|  |TAMS 0x000000008f900000, 0x000000008f900000| Untracked 
|  90|0x000000008fa00000, 0x000000008fa00000, 0x000000008fb00000|  0%| F|  |TAMS 0x000000008fa00000, 0x000000008fa00000| Untracked 
|  91|0x000000008fb00000, 0x000000008fb00000, 0x000000008fc00000|  0%| F|  |TAMS 0x000000008fb00000, 0x000000008fb00000| Untracked 
|  92|0x000000008fc00000, 0x000000008fc00000, 0x000000008fd00000|  0%| F|  |TAMS 0x000000008fc00000, 0x000000008fc00000| Untracked 
|  93|0x000000008fd00000, 0x000000008fd00000, 0x000000008fe00000|  0%| F|  |TAMS 0x000000008fd00000, 0x000000008fd00000| Untracked 
|  94|0x000000008fe00000, 0x000000008ff00000, 0x000000008ff00000|100%| S|CS|TAMS 0x000000008fe00000, 0x000000008fe00000| Complete 
|  95|0x000000008ff00000, 0x0000000090000000, 0x0000000090000000|100%| S|CS|TAMS 0x000000008ff00000, 0x000000008ff00000| Complete 
|  96|0x0000000090000000, 0x0000000090100000, 0x0000000090100000|100%| S|CS|TAMS 0x0000000090000000, 0x0000000090000000| Complete 
|  97|0x0000000090100000, 0x0000000090100000, 0x0000000090200000|  0%| F|  |TAMS 0x0000000090100000, 0x0000000090100000| Untracked 
|  98|0x0000000090200000, 0x0000000090200000, 0x0000000090300000|  0%| F|  |TAMS 0x0000000090200000, 0x0000000090200000| Untracked 
|  99|0x0000000090300000, 0x0000000090300000, 0x0000000090400000|  0%| F|  |TAMS 0x0000000090300000, 0x0000000090300000| Untracked 
| 100|0x0000000090400000, 0x0000000090400000, 0x0000000090500000|  0%| F|  |TAMS 0x0000000090400000, 0x0000000090400000| Untracked 
| 101|0x0000000090500000, 0x0000000090500000, 0x0000000090600000|  0%| F|  |TAMS 0x0000000090500000, 0x0000000090500000| Untracked 
| 102|0x0000000090600000, 0x0000000090600000, 0x0000000090700000|  0%| F|  |TAMS 0x0000000090600000, 0x0000000090600000| Untracked 
| 103|0x0000000090700000, 0x0000000090700000, 0x0000000090800000|  0%| F|  |TAMS 0x0000000090700000, 0x0000000090700000| Untracked 
| 104|0x0000000090800000, 0x0000000090800000, 0x0000000090900000|  0%| F|  |TAMS 0x0000000090800000, 0x0000000090800000| Untracked 
| 105|0x0000000090900000, 0x0000000090900000, 0x0000000090a00000|  0%| F|  |TAMS 0x0000000090900000, 0x0000000090900000| Untracked 
| 106|0x0000000090a00000, 0x0000000090a00000, 0x0000000090b00000|  0%| F|  |TAMS 0x0000000090a00000, 0x0000000090a00000| Untracked 
| 107|0x0000000090b00000, 0x0000000090b00000, 0x0000000090c00000|  0%| F|  |TAMS 0x0000000090b00000, 0x0000000090b00000| Untracked 
| 108|0x0000000090c00000, 0x0000000090c00000, 0x0000000090d00000|  0%| F|  |TAMS 0x0000000090c00000, 0x0000000090c00000| Untracked 
| 109|0x0000000090d00000, 0x0000000090d00000, 0x0000000090e00000|  0%| F|  |TAMS 0x0000000090d00000, 0x0000000090d00000| Untracked 
| 110|0x0000000090e00000, 0x0000000090e00000, 0x0000000090f00000|  0%| F|  |TAMS 0x0000000090e00000, 0x0000000090e00000| Untracked 
| 111|0x0000000090f00000, 0x0000000090f00000, 0x0000000091000000|  0%| F|  |TAMS 0x0000000090f00000, 0x0000000090f00000| Untracked 
| 112|0x0000000091000000, 0x0000000091100000, 0x0000000091100000|100%| E|  |TAMS 0x0000000091000000, 0x0000000091000000| Complete 
| 113|0x0000000091100000, 0x0000000091200000, 0x0000000091200000|100%| E|CS|TAMS 0x0000000091100000, 0x0000000091100000| Complete 
| 114|0x0000000091200000, 0x0000000091300000, 0x0000000091300000|100%| E|CS|TAMS 0x0000000091200000, 0x0000000091200000| Complete 
| 115|0x0000000091300000, 0x0000000091400000, 0x0000000091400000|100%| E|CS|TAMS 0x0000000091300000, 0x0000000091300000| Complete 
| 116|0x0000000091400000, 0x0000000091500000, 0x0000000091500000|100%| E|CS|TAMS 0x0000000091400000, 0x0000000091400000| Complete 
| 117|0x0000000091500000, 0x0000000091600000, 0x0000000091600000|100%| E|CS|TAMS 0x0000000091500000, 0x0000000091500000| Complete 

Card table byte_map: [0x0000014f5fcb0000,0x0000014f60060000] _byte_map_base: 0x0000014f5f860000

Marking Bits (Prev, Next): (CMBitMap*) 0x0000014f490bc9a0, (CMBitMap*) 0x0000014f490bc9e0
 Prev Bits: [0x0000014f60410000, 0x0000014f62190000)
 Next Bits: [0x0000014f62190000, 0x0000014f63f10000)

Polling page: 0x0000014f46ec0000

Metaspace:

Usage:
  Non-class:      5.13 MB used.
      Class:    669.55 KB used.
       Both:      5.79 MB used.

Virtual space:
  Non-class space:        8.00 MB reserved,       5.19 MB ( 65%) committed,  1 nodes.
      Class space:        1.00 GB reserved,     768.00 KB ( <1%) committed,  1 nodes.
              Both:        1.01 GB reserved,       5.94 MB ( <1%) committed. 

Chunk freelists:
   Non-Class:  1.31 MB
       Class:  3.30 MB
        Both:  4.61 MB

MaxMetaspaceSize: 17179869184.00 GB
CompressedClassSpaceSize: 1.00 GB
 - commit_granule_bytes: 65536.
 - commit_granule_words: 8192.
 - virtual_space_node_default_size: 1048576.
 - enlarge_chunks_in_place: 1.
 - new_chunks_are_fully_committed: 0.
 - uncommit_free_chunks: 1.
 - use_allocation_guard: 0.
 - handle_deallocations: 1.


Internal statistics:

num_allocs_failed_limit: 0.
num_arena_births: 30.
num_arena_deaths: 0.
num_vsnodes_births: 2.
num_vsnodes_deaths: 0.
num_space_committed: 96.
num_space_uncommitted: 0.
num_chunks_returned_to_freelist: 0.
num_chunks_taken_from_freelist: 163.
num_chunk_merges: 0.
num_chunk_splits: 121.
num_chunks_enlarged: 104.
num_purges: 0.

CodeHeap 'non-profiled nmethods': size=120000Kb used=385Kb max_used=385Kb free=119615Kb
 bounds [0x0000014f582c0000, 0x0000014f58530000, 0x0000014f5f7f0000]
CodeHeap 'profiled nmethods': size=120000Kb used=2294Kb max_used=2294Kb free=117705Kb
 bounds [0x0000014f50d90000, 0x0000014f51000000, 0x0000014f582c0000]
CodeHeap 'non-nmethods': size=5760Kb used=1170Kb max_used=1193Kb free=4589Kb
 bounds [0x0000014f507f0000, 0x0000014f50a60000, 0x0000014f50d90000]
 total_blobs=1572 nmethods=1113 adapters=372
 compilation: enabled
              stopped_count=0, restarted_count=0
 full_count=0

Compilation events (20 events):
Event: 1.164 Thread 0x0000014f67d72e40 nmethod 1080 0x0000014f58317690 code [0x0000014f58317820, 0x0000014f58317918]
Event: 1.164 Thread 0x0000014f67d72e40 1082       4       java.nio.CharBuffer::<init> (24 bytes)
Event: 1.165 Thread 0x0000014f666b8ff0 1088       3       java.lang.StringBuilder::charAt (6 bytes)
Event: 1.165 Thread 0x0000014f666b8ff0 nmethod 1088 0x0000014f50fb4510 code [0x0000014f50fb46c0, 0x0000014f50fb4808]
Event: 1.165 Thread 0x0000014f666b8ff0 1090       3       org.codehaus.plexus.util.InterpolationFilterReader::read (477 bytes)
Event: 1.174 Thread 0x0000014f67d72e40 nmethod 1082 0x0000014f58317a10 code [0x0000014f58317ba0, 0x0000014f58317f58]
Event: 1.174 Thread 0x0000014f67d72e40 1083       4       java.nio.CharBuffer::limit (6 bytes)
Event: 1.175 Thread 0x0000014f67d72e40 nmethod 1083 0x0000014f58318210 code [0x0000014f583183a0, 0x0000014f58318498]
Event: 1.175 Thread 0x0000014f67d72e40 1084       4       java.nio.HeapCharBuffer::<init> (23 bytes)
Event: 1.177 Thread 0x0000014f666b8ff0 nmethod 1090 0x0000014f50fb4890 code [0x0000014f50fb5020, 0x0000014f50fb9908]
Event: 1.177 Thread 0x0000014f666b8ff0 1089       3       java.lang.AbstractStringBuilder::charAt (36 bytes)
Event: 1.177 Thread 0x0000014f666b8ff0 nmethod 1089 0x0000014f50fbb290 code [0x0000014f50fbb480, 0x0000014f50fbb8b8]
Event: 1.178 Thread 0x0000014f67d72e40 nmethod 1084 0x0000014f58318610 code [0x0000014f583187a0, 0x0000014f58318b58]
Event: 1.178 Thread 0x0000014f67d72e40 1092   !   4       java.nio.charset.CharsetDecoder::decode (275 bytes)
Event: 1.183 Thread 0x0000014f666b8ff0 1096       1       org.codehaus.plexus.util.xml.pull.MXParser::getDepth (5 bytes)
Event: 1.183 Thread 0x0000014f666b8ff0 nmethod 1096 0x0000014f58318e10 code [0x0000014f58318fa0, 0x0000014f58319078]
Event: 1.184 Thread 0x0000014f67d72e40 nmethod 1092 0x0000014f58319110 code [0x0000014f58319340, 0x0000014f583197b0]
Event: 1.184 Thread 0x0000014f67d72e40 1095       4       org.codehaus.plexus.util.InterpolationFilterReader::read (477 bytes)
Event: 1.184 Thread 0x0000014f666b8ff0 1098       3       java.lang.Integer::valueOf (32 bytes)
Event: 1.185 Thread 0x0000014f666b8ff0 nmethod 1098 0x0000014f50fbba90 code [0x0000014f50fbbc60, 0x0000014f50fbbf98]

GC Heap History (2 events):
Event: 1.166 GC heap before
{Heap before GC invocations=0 (full 0):
 garbage-first heap   total 120832K, used 21504K [0x000000008a000000, 0x0000000100000000)
  region size 1024K, 21 young (21504K), 0 survivors (0K)
 Metaspace       used 5712K, committed 5888K, reserved 1056768K
  class space    used 632K, committed 704K, reserved 1048576K
}
Event: 1.174 GC heap after
{Heap after GC invocations=1 (full 0):
 garbage-first heap   total 120832K, used 3818K [0x000000008a000000, 0x0000000100000000)
  region size 1024K, 3 young (3072K), 3 survivors (3072K)
 Metaspace       used 5712K, committed 5888K, reserved 1056768K
  class space    used 632K, committed 704K, reserved 1048576K
}

Deoptimization events (20 events):
Event: 1.008 Thread 0x0000014f4907dca0 Uncommon trap: trap_request=0xffffffde fr.pc=0x0000014f582f7420 relative=0x00000000000014e0
Event: 1.008 Thread 0x0000014f4907dca0 Uncommon trap: reason=class_check action=maybe_recompile pc=0x0000014f582f7420 method=java.util.HashMap.putVal(ILjava/lang/Object;Ljava/lang/Object;ZZ)Ljava/lang/Object; @ 91 c2
Event: 1.008 Thread 0x0000014f4907dca0 DEOPT PACKING pc=0x0000014f582f7420 sp=0x00000032657fd4f0
Event: 1.008 Thread 0x0000014f4907dca0 DEOPT UNPACKING pc=0x0000014f5083d72e sp=0x00000032657fd448 mode 2
Event: 1.116 Thread 0x0000014f4907dca0 Uncommon trap: trap_request=0xffffff45 fr.pc=0x0000014f582f16cc relative=0x00000000000000ac
Event: 1.116 Thread 0x0000014f4907dca0 Uncommon trap: reason=unstable_if action=reinterpret pc=0x0000014f582f16cc method=org.codehaus.plexus.util.xml.pull.MXParser.more()C @ 8 c2
Event: 1.116 Thread 0x0000014f4907dca0 DEOPT PACKING pc=0x0000014f582f16cc sp=0x00000032657fda10
Event: 1.116 Thread 0x0000014f4907dca0 DEOPT UNPACKING pc=0x0000014f5083d72e sp=0x00000032657fd9a0 mode 2
Event: 1.138 Thread 0x0000014f4907dca0 Uncommon trap: trap_request=0xffffffc6 fr.pc=0x0000014f5830c628 relative=0x00000000000015e8
Event: 1.138 Thread 0x0000014f4907dca0 Uncommon trap: reason=bimorphic_or_optimized_type_check action=maybe_recompile pc=0x0000014f5830c628 method=java.util.HashMap.putVal(ILjava/lang/Object;Ljava/lang/Object;ZZ)Ljava/lang/Object; @ 91 c2
Event: 1.138 Thread 0x0000014f4907dca0 DEOPT PACKING pc=0x0000014f5830c628 sp=0x00000032657fda90
Event: 1.138 Thread 0x0000014f4907dca0 DEOPT UNPACKING pc=0x0000014f5083d72e sp=0x00000032657fd9e8 mode 2
Event: 1.153 Thread 0x0000014f4907dca0 Uncommon trap: trap_request=0xffffff45 fr.pc=0x0000014f58310dc0 relative=0x00000000000016c0
Event: 1.153 Thread 0x0000014f4907dca0 Uncommon trap: reason=unstable_if action=reinterpret pc=0x0000014f58310dc0 method=java.nio.charset.CoderResult.isOverflow()Z @ 5 c2
Event: 1.153 Thread 0x0000014f4907dca0 DEOPT PACKING pc=0x0000014f58310dc0 sp=0x00000032657fd5f0
Event: 1.153 Thread 0x0000014f4907dca0 DEOPT UNPACKING pc=0x0000014f5083d72e sp=0x00000032657fd310 mode 2
Event: 1.156 Thread 0x0000014f4907dca0 Uncommon trap: trap_request=0xffffff45 fr.pc=0x0000014f583148e0 relative=0x0000000000000200
Event: 1.156 Thread 0x0000014f4907dca0 Uncommon trap: reason=unstable_if action=reinterpret pc=0x0000014f583148e0 method=java.io.Reader.read()I @ 12 c2
Event: 1.156 Thread 0x0000014f4907dca0 DEOPT PACKING pc=0x0000014f583148e0 sp=0x00000032657fd6e0
Event: 1.156 Thread 0x0000014f4907dca0 DEOPT UNPACKING pc=0x0000014f5083d72e sp=0x00000032657fd5f0 mode 2

Classes unloaded (0 events):
No events

Classes redefined (0 events):
No events

Internal exceptions (7 events):
Event: 0.118 Thread 0x0000014f666b3080 Exception <a 'java/lang/NoSuchMethodError'{0x00000000914e0990}: 'java.lang.Object java.lang.invoke.DirectMethodHandle$Holder.invokeStatic(java.lang.Object)'> (0x00000000914e0990) 
thrown [t:\workspace\open\src\hotspot\share\interpreter\linkResolver.cpp, line 790]
Event: 0.119 Thread 0x0000014f666b3080 Exception <a 'java/lang/NoSuchMethodError'{0x00000000914e42a0}: 'java.lang.Object java.lang.invoke.DirectMethodHandle$Holder.invokeStaticInit(java.lang.Object)'> (0x00000000914e42a0) 
thrown [t:\workspace\open\src\hotspot\share\interpreter\linkResolver.cpp, line 790]
Event: 0.127 Thread 0x0000014f666b3080 Exception <a 'java/lang/NoSuchMethodError'{0x00000000914f2028}: 'void java.lang.invoke.DirectMethodHandle$Holder.invokeStatic(java.lang.Object, java.lang.Object)'> (0x00000000914f2028) 
thrown [t:\workspace\open\src\hotspot\share\interpreter\linkResolver.cpp, line 790]
Event: 0.266 Thread 0x0000014f4907dca0 Exception <a 'java/lang/NoSuchMethodError'{0x0000000091011f90}: 'java.lang.Object java.lang.invoke.DirectMethodHandle$Holder.invokeStaticInit(java.lang.Object, int, int, int, int)'> (0x0000000091011f90) 
thrown [t:\workspace\open\src\hotspot\share\interpreter\linkResolver.cpp, line 790]
Event: 0.323 Thread 0x0000014f4907dca0 Exception <a 'java/lang/NoSuchMethodError'{0x00000000910d8348}: 'java.lang.Object java.lang.invoke.DirectMethodHandle$Holder.invokeStaticInit(java.lang.Object, java.lang.Object, int, int, int, int)'> (0x00000000910d8348) 
thrown [t:\workspace\open\src\hotspot\share\interpreter\linkResolver.cpp, line 790]
Event: 0.832 Thread 0x0000014f4907dca0 Exception <a 'java/lang/NoSuchMethodError'{0x0000000090ae16a8}: 'void java.lang.invoke.DirectMethodHandle$Holder.invokeSpecial(java.lang.Object, java.lang.Object, java.lang.Object)'> (0x0000000090ae16a8) 
thrown [t:\workspace\open\src\hotspot\share\interpreter\linkResolver.cpp, line 790]
Event: 1.049 Thread 0x0000014f4907dca0 Exception <a 'java/lang/NoSuchMethodError'{0x00000000905d45d8}: 'java.lang.Object java.lang.invoke.DirectMethodHandle$Holder.newInvokeSpecial(java.lang.Object, java.lang.Object, java.lang.Object, java.lang.Object, java.lang.Object)'> (0x00000000905d45d8) 
thrown [t:\workspace\open\src\hotspot\share\interpreter\linkResolver.cpp, line 790]

Events (20 events):
Event: 1.094 loading class sun/reflect/generics/tree/FormalTypeParameter done
Event: 1.094 loading class sun/reflect/generics/tree/ClassSignature
Event: 1.094 loading class sun/reflect/generics/tree/Signature
Event: 1.094 loading class sun/reflect/generics/tree/Signature done
Event: 1.094 loading class sun/reflect/generics/tree/ClassSignature done
Event: 1.094 loading class java/lang/reflect/TypeVariable
Event: 1.094 loading class java/lang/reflect/TypeVariable done
Event: 1.094 loading class java/lang/reflect/WildcardType
Event: 1.094 loading class java/lang/reflect/WildcardType done
Event: 1.096 loading class sun/reflect/generics/tree/TypeVariableSignature
Event: 1.096 loading class sun/reflect/generics/tree/TypeVariableSignature done
Event: 1.110 loading class java/lang/annotation/IncompleteAnnotationException
Event: 1.110 loading class java/lang/annotation/IncompleteAnnotationException done
Event: 1.111 Executing  VM operation: ICBufferFull
Event: 1.111 Executing  VM operation: ICBufferFull done
Event: 1.143 Thread 0x0000014f67d72e40 Thread added: 0x0000014f67d72e40
Event: 1.154 loading class jdk/internal/access/foreign/MemorySegmentProxy
Event: 1.154 loading class jdk/internal/access/foreign/MemorySegmentProxy done
Event: 1.166 Executing  VM operation: G1CollectForAllocation
Event: 1.175 Executing  VM operation: G1CollectForAllocation done


Dynamic libraries:
0x00007ff7f4a80000 - 0x00007ff7f4a8e000 	C:\Users\Adam Danial\.jdks\openjdk-16.0.1\bin\java.exe
0x00007ff998210000 - 0x00007ff998405000 	C:\WINDOWS\SYSTEM32\ntdll.dll
0x00007ff996420000 - 0x00007ff9964de000 	C:\WINDOWS\System32\KERNEL32.DLL
0x00007ff995cb0000 - 0x00007ff995f78000 	C:\WINDOWS\System32\KERNELBASE.dll
0x00007ff995f80000 - 0x00007ff996080000 	C:\WINDOWS\System32\ucrtbase.dll
0x00007ff98b920000 - 0x00007ff98b938000 	C:\Users\Adam Danial\.jdks\openjdk-16.0.1\bin\jli.dll
0x00007ff984f00000 - 0x00007ff984f19000 	C:\Users\Adam Danial\.jdks\openjdk-16.0.1\bin\VCRUNTIME140.dll
0x00007ff997730000 - 0x00007ff9978d1000 	C:\WINDOWS\System32\USER32.dll
0x00007ff996220000 - 0x00007ff996242000 	C:\WINDOWS\System32\win32u.dll
0x00007ff9968a0000 - 0x00007ff9968cb000 	C:\WINDOWS\System32\GDI32.dll
0x00007ff9857c0000 - 0x00007ff985a5a000 	C:\WINDOWS\WinSxS\amd64_microsoft.windows.common-controls_6595b64144ccf1df_6.0.19041.1110_none_60b5254171f9507e\COMCTL32.dll
0x00007ff9960b0000 - 0x00007ff9961bd000 	C:\WINDOWS\System32\gdi32full.dll
0x00007ff996260000 - 0x00007ff9962fe000 	C:\WINDOWS\System32\msvcrt.dll
0x00007ff995bc0000 - 0x00007ff995c5d000 	C:\WINDOWS\System32\msvcp_win.dll
0x00007ff997100000 - 0x00007ff997130000 	C:\WINDOWS\System32\IMM32.DLL
0x00007ff984ef0000 - 0x00007ff984efc000 	C:\Users\Adam Danial\.jdks\openjdk-16.0.1\bin\vcruntime140_1.dll
0x00007ff97bbe0000 - 0x00007ff97bc71000 	C:\Users\Adam Danial\.jdks\openjdk-16.0.1\bin\msvcp140.dll
0x00007ff91e200000 - 0x00007ff91edab000 	C:\Users\Adam Danial\.jdks\openjdk-16.0.1\bin\server\jvm.dll
0x00007ff997130000 - 0x00007ff9971de000 	C:\WINDOWS\System32\ADVAPI32.dll
0x00007ff9978e0000 - 0x00007ff99797c000 	C:\WINDOWS\System32\sechost.dll
0x00007ff9968d0000 - 0x00007ff9969f5000 	C:\WINDOWS\System32\RPCRT4.dll
0x00007ff996a00000 - 0x00007ff996a08000 	C:\WINDOWS\System32\PSAPI.DLL
0x00007ff968660000 - 0x00007ff968669000 	C:\WINDOWS\SYSTEM32\WSOCK32.dll
0x00007ff98d1d0000 - 0x00007ff98d1f7000 	C:\WINDOWS\SYSTEM32\WINMM.dll
0x00007ff98d1c0000 - 0x00007ff98d1ca000 	C:\WINDOWS\SYSTEM32\VERSION.dll
0x00007ff998160000 - 0x00007ff9981cb000 	C:\WINDOWS\System32\WS2_32.dll
0x00007ff994190000 - 0x00007ff9941a2000 	C:\WINDOWS\SYSTEM32\kernel.appcore.dll
0x00007ff984c60000 - 0x00007ff984c6a000 	C:\Users\Adam Danial\.jdks\openjdk-16.0.1\bin\jimage.dll
0x00007ff9932c0000 - 0x00007ff9934a4000 	C:\WINDOWS\SYSTEM32\DBGHELP.DLL
0x00007ff9806a0000 - 0x00007ff9806cc000 	C:\WINDOWS\SYSTEM32\dbgcore.DLL
0x00007ff995b30000 - 0x00007ff995bb2000 	C:\WINDOWS\System32\bcryptPrimitives.dll
0x00007ff984c50000 - 0x00007ff984c5e000 	C:\Users\Adam Danial\.jdks\openjdk-16.0.1\bin\instrument.dll
0x00007ff984c20000 - 0x00007ff984c45000 	C:\Users\Adam Danial\.jdks\openjdk-16.0.1\bin\java.dll
0x00007ff997a10000 - 0x00007ff998154000 	C:\WINDOWS\System32\SHELL32.dll
0x00007ff9939f0000 - 0x00007ff994185000 	C:\WINDOWS\SYSTEM32\windows.storage.dll
0x00007ff9971e0000 - 0x00007ff997535000 	C:\WINDOWS\System32\combase.dll
0x00007ff995370000 - 0x00007ff99539e000 	C:\WINDOWS\SYSTEM32\Wldp.dll
0x00007ff997620000 - 0x00007ff9976cd000 	C:\WINDOWS\System32\SHCORE.dll
0x00007ff9963c0000 - 0x00007ff996415000 	C:\WINDOWS\System32\shlwapi.dll
0x00007ff995860000 - 0x00007ff99587f000 	C:\WINDOWS\SYSTEM32\profapi.dll
0x00007ff97c750000 - 0x00007ff97c768000 	C:\Users\Adam Danial\.jdks\openjdk-16.0.1\bin\zip.dll
0x00007ff97c730000 - 0x00007ff97c749000 	C:\Users\Adam Danial\.jdks\openjdk-16.0.1\bin\net.dll
0x00007ff98fa20000 - 0x00007ff98fb2c000 	C:\WINDOWS\SYSTEM32\WINHTTP.dll
0x00007ff995060000 - 0x00007ff9950ca000 	C:\WINDOWS\system32\mswsock.dll
0x00007ff97c710000 - 0x00007ff97c723000 	C:\Users\Adam Danial\.jdks\openjdk-16.0.1\bin\nio.dll
0x00007ff976f10000 - 0x00007ff976f2a000 	C:\IntelliJ\bin\breakgen64.dll
0x00007ff97c9a0000 - 0x00007ff97c9b0000 	C:\Users\Adam Danial\.jdks\openjdk-16.0.1\bin\verify.dll
0x00007ff995250000 - 0x00007ff995268000 	C:\WINDOWS\SYSTEM32\CRYPTSP.dll
0x00007ff994980000 - 0x00007ff9949b4000 	C:\WINDOWS\system32\rsaenh.dll
0x00007ff996080000 - 0x00007ff9960a7000 	C:\WINDOWS\System32\bcrypt.dll
0x00007ff995820000 - 0x00007ff99584e000 	C:\WINDOWS\SYSTEM32\USERENV.dll
0x00007ff995270000 - 0x00007ff99527c000 	C:\WINDOWS\SYSTEM32\CRYPTBASE.dll
0x00007ff994d50000 - 0x00007ff994d8b000 	C:\WINDOWS\SYSTEM32\IPHLPAPI.DLL
0x00007ff996250000 - 0x00007ff996258000 	C:\WINDOWS\System32\NSI.dll
0x00007ff98ca90000 - 0x00007ff98caa7000 	C:\WINDOWS\SYSTEM32\dhcpcsvc6.DLL
0x00007ff98cb90000 - 0x00007ff98cbad000 	C:\WINDOWS\SYSTEM32\dhcpcsvc.DLL
0x00007ff994d90000 - 0x00007ff994e5b000 	C:\WINDOWS\SYSTEM32\DNSAPI.dll
0x00007ff97c700000 - 0x00007ff97c70a000 	C:\Users\Adam Danial\AppData\Local\Temp\jansi-1.17.1-13555565130208850139.dll
0x00007ff97bbd0000 - 0x00007ff97bbda000 	C:\Users\Adam Danial\AppData\Local\Temp\jansi-1.17.1-10275048070252267845.dll

dbghelp: loaded successfully - version: 4.0.5 - missing functions: none
symbol engine: initialized successfully - sym options: 0x614 - pdb path: .;C:\Users\Adam Danial\.jdks\openjdk-16.0.1\bin;C:\WINDOWS\SYSTEM32;C:\WINDOWS\WinSxS\amd64_microsoft.windows.common-controls_6595b64144ccf1df_6.0.19041.1110_none_60b5254171f9507e;C:\Users\Adam Danial\.jdks\openjdk-16.0.1\bin\server;C:\IntelliJ\bin;C:\Users\Adam Danial\AppData\Local\Temp

VM Arguments:
jvm_args: -Dmaven.multiModuleProjectDirectory=C:\Users\Adam Danial\Documents\plugins\Noctora -Dmaven.home=C:\IntelliJ\plugins\maven\lib\maven3 -Dclassworlds.conf=C:\IntelliJ\plugins\maven\lib\maven3\bin\m2.conf -Dmaven.ext.class.path=C:\IntelliJ\plugins\maven\lib\maven-event-listener.jar -javaagent:C:\IntelliJ\lib\idea_rt.jar=55102:C:\IntelliJ\bin -Dfile.encoding=UTF-8 
java_command: org.codehaus.classworlds.Launcher -Didea.version=2021.2.3 clean package
java_class_path (initial): C:\IntelliJ\plugins\maven\lib\maven3\boot\plexus-classworlds-2.6.0.jar;C:\IntelliJ\plugins\maven\lib\maven3\boot\plexus-classworlds.license
Launcher Type: SUN_STANDARD

[Global flags]
     intx CICompilerCount                          = 3                                         {product} {ergonomic}
     uint ConcGCThreads                            = 2                                         {product} {ergonomic}
     uint G1ConcRefinementThreads                  = 6                                         {product} {ergonomic}
   size_t G1HeapRegionSize                         = 1048576                                   {product} {ergonomic}
    uintx GCDrainStackTargetSize                   = 64                                        {product} {ergonomic}
   size_t InitialHeapSize                          = 123731968                                 {product} {ergonomic}
   size_t MarkStackSize                            = 4194304                                   {product} {ergonomic}
   size_t MaxHeapSize                              = 1979711488                                {product} {ergonomic}
   size_t MaxNewSize                               = 1186988032                                {product} {ergonomic}
   size_t MinHeapDeltaBytes                        = 1048576                                   {product} {ergonomic}
   size_t MinHeapSize                              = 8388608                                   {product} {ergonomic}
    uintx NonNMethodCodeHeapSize                   = 5832780                                {pd product} {ergonomic}
    uintx NonProfiledCodeHeapSize                  = 122912730                              {pd product} {ergonomic}
    uintx ProfiledCodeHeapSize                     = 122912730                              {pd product} {ergonomic}
    uintx ReservedCodeCacheSize                    = 251658240                              {pd product} {ergonomic}
     bool SegmentedCodeCache                       = true                                      {product} {ergonomic}
   size_t SoftMaxHeapSize                          = 1979711488                             {manageable} {ergonomic}
     bool UseCompressedClassPointers               = true                           {product lp64_product} {ergonomic}
     bool UseCompressedOops                        = true                           {product lp64_product} {ergonomic}
     bool UseG1GC                                  = true                                      {product} {ergonomic}
     bool UseLargePagesIndividualAllocation        = false                                  {pd product} {ergonomic}

Logging:
Log output configuration:
 #0: stdout all=warning uptime,level,tags
 #1: stderr all=off uptime,level,tags

Environment Variables:
PATH=C:\Program Files\Eclipse Foundation\jdk-17.0.0.35-hotspot\bin;C:\Program Files\Common Files\Oracle\Java\javapath;C:\Program Files (x86)\Common Files\Oracle\Java\javapath;C:\WINDOWS\system32;C:\WINDOWS;C:\WINDOWS\System32\Wbem;C:\WINDOWS\System32\WindowsPowerShell\v1.0\;C:\WINDOWS\System32\OpenSSH\;C:\WorldPainter;C:\Program Files\Git\cmd;C:\PuTTY\;C:\PowerShell\7\;C:\ffmpeg-20200831-4a11a6f-win64-static\bin;C:\Program Files (x86)\Common Files\Oracle\Java\javapath;C:\Windows\system32;C:\Windows;C:\Windows\System32\Wbem;C:\Windows\System32\WindowsPowerShell\v1.0\;C:\Windows\System32\OpenSSH\;C:\WorldPainter;C:\Users\Adam Danial\AppData\Local\Microsoft\WindowsApps;C:\Users\Adam Danial\AppData\Local\Microsoft\WindowsApps;C:\Microsoft VS Code\bin;C:\Users\Adam Danial\AppData\Local\Google\Cloud SDK\google-cloud-sdk\bin
USERNAME=ItsAdamLY
OS=Windows_NT
PROCESSOR_IDENTIFIER=AMD64 Family 23 Model 96 Stepping 1, AuthenticAMD



---------------  S Y S T E M  ---------------

OS:
 Windows 10 , 64 bit Build 19041 (10.0.19041.1466)
OS uptime: 2 days 6:50 hours

CPU: total 6 (initial active 6) (6 cores per cpu, 1 threads per core) family 23 model 96 stepping 1 microcode 0x0, cx8, cmov, fxsr, mmx, 3dnowpref, sse, sse2, sse3, ssse3, sse4a, sse4.1, sse4.2, popcnt, lzcnt, tsc, tscinvbit, avx, avx2, aes, clmul, bmi1, bmi2, adx, sha, fma, vzeroupper, clflush, clflushopt

Memory: 4k page, system-wide physical 7549M (456M free)
TotalPageFile size 31101M (AvailPageFile size 1M)
current process WorkingSet (physical memory assigned to process): 78M, peak: 79M
current process commit charge ("private bytes"): 213M, peak: 214M

vm_info: OpenJDK 64-Bit Server VM (16.0.1+9-24) for windows-amd64 JRE (16.0.1+9-24), built on Mar 26 2021 19:30:07 by "mach5one" with MS VC++ 16.7 (VS2019)

END.
